mode: set
github.com/garet2gis/user_balance_service/internal/repository/history.go:21.82,26.2 1 1
github.com/garet2gis/user_balance_service/internal/repository/history.go:28.123,34.18 2 1
github.com/garet2gis/user_balance_service/internal/repository/history.go:38.2,38.19 1 1
github.com/garet2gis/user_balance_service/internal/repository/history.go:42.2,43.16 2 1
github.com/garet2gis/user_balance_service/internal/repository/history.go:47.2,50.16 3 1
github.com/garet2gis/user_balance_service/internal/repository/history.go:55.2,57.18 2 1
github.com/garet2gis/user_balance_service/internal/repository/history.go:84.2,84.34 1 1
github.com/garet2gis/user_balance_service/internal/repository/history.go:88.2,88.25 1 1
github.com/garet2gis/user_balance_service/internal/repository/history.go:34.18,36.3 1 0
github.com/garet2gis/user_balance_service/internal/repository/history.go:38.19,40.3 1 0
github.com/garet2gis/user_balance_service/internal/repository/history.go:43.16,45.3 1 0
github.com/garet2gis/user_balance_service/internal/repository/history.go:50.16,53.3 2 0
github.com/garet2gis/user_balance_service/internal/repository/history.go:57.18,66.17 7 1
github.com/garet2gis/user_balance_service/internal/repository/history.go:70.3,71.20 2 1
github.com/garet2gis/user_balance_service/internal/repository/history.go:74.3,74.23 1 1
github.com/garet2gis/user_balance_service/internal/repository/history.go:77.3,77.21 1 1
github.com/garet2gis/user_balance_service/internal/repository/history.go:81.3,81.41 1 1
github.com/garet2gis/user_balance_service/internal/repository/history.go:66.17,68.4 1 0
github.com/garet2gis/user_balance_service/internal/repository/history.go:71.20,73.4 1 1
github.com/garet2gis/user_balance_service/internal/repository/history.go:74.23,76.4 1 0
github.com/garet2gis/user_balance_service/internal/repository/history.go:77.21,79.4 1 1
github.com/garet2gis/user_balance_service/internal/repository/history.go:84.34,86.3 1 0
github.com/garet2gis/user_balance_service/internal/repository/report.go:18.80,23.2 1 1
github.com/garet2gis/user_balance_service/internal/repository/report.go:25.107,39.16 4 1
github.com/garet2gis/user_balance_service/internal/repository/report.go:44.2,46.18 2 1
github.com/garet2gis/user_balance_service/internal/repository/report.go:58.2,58.34 1 1
github.com/garet2gis/user_balance_service/internal/repository/report.go:62.2,62.24 1 1
github.com/garet2gis/user_balance_service/internal/repository/report.go:39.16,42.3 2 0
github.com/garet2gis/user_balance_service/internal/repository/report.go:46.18,51.17 3 1
github.com/garet2gis/user_balance_service/internal/repository/report.go:55.3,55.39 1 1
github.com/garet2gis/user_balance_service/internal/repository/report.go:51.17,53.4 1 0
github.com/garet2gis/user_balance_service/internal/repository/report.go:58.34,60.3 1 0
github.com/garet2gis/user_balance_service/internal/repository/repository.go:23.68,33.2 1 1
github.com/garet2gis/user_balance_service/internal/repository/repository.go:35.54,37.28 2 1
github.com/garet2gis/user_balance_service/internal/repository/repository.go:46.2,46.12 1 0
github.com/garet2gis/user_balance_service/internal/repository/repository.go:37.28,39.79 2 1
github.com/garet2gis/user_balance_service/internal/repository/repository.go:42.3,44.16 3 0
github.com/garet2gis/user_balance_service/internal/repository/repository.go:39.79,41.4 1 1
github.com/garet2gis/user_balance_service/internal/repository/repository.go:49.33,51.2 1 1
github.com/garet2gis/user_balance_service/internal/config/config.go:33.26,34.17 1 0
github.com/garet2gis/user_balance_service/internal/config/config.go:46.2,46.17 1 0
github.com/garet2gis/user_balance_service/internal/config/config.go:34.17,39.63 4 0
github.com/garet2gis/user_balance_service/internal/config/config.go:39.63,43.4 3 0
github.com/garet2gis/user_balance_service/pkg/utils/json.go:12.80,20.16 6 1
github.com/garet2gis/user_balance_service/pkg/utils/json.go:56.2,57.19 2 1
github.com/garet2gis/user_balance_service/pkg/utils/json.go:61.2,61.12 1 1
github.com/garet2gis/user_balance_service/pkg/utils/json.go:20.16,25.10 4 0
github.com/garet2gis/user_balance_service/pkg/utils/json.go:26.37,27.94 1 0
github.com/garet2gis/user_balance_service/pkg/utils/json.go:29.44,30.56 1 0
github.com/garet2gis/user_balance_service/pkg/utils/json.go:32.44,33.38 1 0
github.com/garet2gis/user_balance_service/pkg/utils/json.go:36.4,36.103 1 0
github.com/garet2gis/user_balance_service/pkg/utils/json.go:38.31,39.47 1 0
github.com/garet2gis/user_balance_service/pkg/utils/json.go:41.63,43.64 2 0
github.com/garet2gis/user_balance_service/pkg/utils/json.go:45.54,46.72 1 0
github.com/garet2gis/user_balance_service/pkg/utils/json.go:48.47,49.14 1 0
github.com/garet2gis/user_balance_service/pkg/utils/json.go:51.11,52.14 1 0
github.com/garet2gis/user_balance_service/pkg/utils/json.go:33.38,35.5 1 0
github.com/garet2gis/user_balance_service/pkg/utils/json.go:57.19,59.3 1 0
github.com/garet2gis/user_balance_service/internal/repository/transaction.go:16.82,21.2 1 1
github.com/garet2gis/user_balance_service/internal/repository/transaction.go:23.83,25.2 1 1
github.com/garet2gis/user_balance_service/internal/repository/transaction.go:27.81,29.16 2 1
github.com/garet2gis/user_balance_service/internal/repository/transaction.go:29.16,31.3 1 0
github.com/garet2gis/user_balance_service/internal/repository/transaction.go:34.79,36.16 2 1
github.com/garet2gis/user_balance_service/internal/repository/transaction.go:36.16,38.3 1 0
github.com/garet2gis/user_balance_service/internal/service/report.go:27.93,33.2 1 1
github.com/garet2gis/user_balance_service/internal/service/report.go:35.108,39.47 3 1
github.com/garet2gis/user_balance_service/internal/service/report.go:43.2,44.16 2 1
github.com/garet2gis/user_balance_service/internal/service/report.go:48.2,48.30 1 1
github.com/garet2gis/user_balance_service/internal/service/report.go:54.2,55.16 2 1
github.com/garet2gis/user_balance_service/internal/service/report.go:58.2,58.26 1 1
github.com/garet2gis/user_balance_service/internal/service/report.go:62.2,63.16 2 1
github.com/garet2gis/user_balance_service/internal/service/report.go:66.2,68.8 1 1
github.com/garet2gis/user_balance_service/internal/service/report.go:39.47,41.3 1 1
github.com/garet2gis/user_balance_service/internal/service/report.go:44.16,46.3 1 0
github.com/garet2gis/user_balance_service/internal/service/report.go:48.30,52.3 1 0
github.com/garet2gis/user_balance_service/internal/service/report.go:55.16,57.3 1 0
github.com/garet2gis/user_balance_service/internal/service/report.go:58.26,60.3 1 0
github.com/garet2gis/user_balance_service/internal/service/report.go:63.16,65.3 1 0
github.com/garet2gis/user_balance_service/cmd/main/main.go:30.13,36.33 5 0
github.com/garet2gis/user_balance_service/cmd/main/main.go:36.33,38.3 1 0
github.com/garet2gis/user_balance_service/cmd/main/main.go:41.37,46.16 4 0
github.com/garet2gis/user_balance_service/cmd/main/main.go:50.2,50.15 1 0
github.com/garet2gis/user_balance_service/cmd/main/main.go:56.2,84.12 18 0
github.com/garet2gis/user_balance_service/cmd/main/main.go:46.16,48.3 1 0
github.com/garet2gis/user_balance_service/cmd/main/main.go:50.15,53.3 2 0
github.com/garet2gis/user_balance_service/cmd/main/main.go:87.58,92.2 2 0
github.com/garet2gis/user_balance_service/cmd/main/main.go:94.79,99.22 4 0
github.com/garet2gis/user_balance_service/cmd/main/main.go:102.2,108.12 2 0
github.com/garet2gis/user_balance_service/cmd/main/main.go:115.2,119.53 4 0
github.com/garet2gis/user_balance_service/cmd/main/main.go:99.22,101.3 1 0
github.com/garet2gis/user_balance_service/cmd/main/main.go:108.12,109.79 1 0
github.com/garet2gis/user_balance_service/cmd/main/main.go:109.79,111.4 1 0
github.com/garet2gis/user_balance_service/cmd/main/main.go:119.53,121.3 1 0
github.com/garet2gis/user_balance_service/cmd/main/main.go:121.8,123.3 1 0
github.com/garet2gis/user_balance_service/internal/integration_tests/test.go:11.51,24.2 3 1
github.com/garet2gis/user_balance_service/pkg/logging/logging.go:17.57,19.16 2 1
github.com/garet2gis/user_balance_service/pkg/logging/logging.go:22.2,22.32 1 1
github.com/garet2gis/user_balance_service/pkg/logging/logging.go:28.2,28.12 1 1
github.com/garet2gis/user_balance_service/pkg/logging/logging.go:19.16,21.3 1 0
github.com/garet2gis/user_balance_service/pkg/logging/logging.go:22.32,24.17 2 1
github.com/garet2gis/user_balance_service/pkg/logging/logging.go:24.17,26.4 1 0
github.com/garet2gis/user_balance_service/pkg/logging/logging.go:31.49,33.2 1 1
github.com/garet2gis/user_balance_service/pkg/logging/logging.go:41.26,43.2 1 1
github.com/garet2gis/user_balance_service/pkg/logging/logging.go:45.70,47.2 1 0
github.com/garet2gis/user_balance_service/pkg/logging/logging.go:49.13,53.79 3 1
github.com/garet2gis/user_balance_service/pkg/logging/logging.go:61.2,62.35 2 1
github.com/garet2gis/user_balance_service/pkg/logging/logging.go:77.2,79.24 2 1
github.com/garet2gis/user_balance_service/pkg/logging/logging.go:53.79,56.4 2 1
github.com/garet2gis/user_balance_service/pkg/logging/logging.go:62.35,63.68 1 0
github.com/garet2gis/user_balance_service/pkg/logging/logging.go:64.8,66.17 2 1
github.com/garet2gis/user_balance_service/pkg/logging/logging.go:69.3,74.5 2 1
github.com/garet2gis/user_balance_service/pkg/logging/logging.go:66.17,67.14 1 0
github.com/garet2gis/user_balance_service/internal/csv/report.go:17.45,19.2 1 1
github.com/garet2gis/user_balance_service/internal/csv/report.go:21.89,25.16 3 1
github.com/garet2gis/user_balance_service/internal/csv/report.go:35.2,36.16 2 1
github.com/garet2gis/user_balance_service/internal/csv/report.go:39.2,42.27 3 1
github.com/garet2gis/user_balance_service/internal/csv/report.go:47.2,48.16 2 1
github.com/garet2gis/user_balance_service/internal/csv/report.go:52.2,52.22 1 1
github.com/garet2gis/user_balance_service/internal/csv/report.go:25.16,26.37 1 1
github.com/garet2gis/user_balance_service/internal/csv/report.go:26.37,29.18 3 1
github.com/garet2gis/user_balance_service/internal/csv/report.go:29.18,31.5 1 0
github.com/garet2gis/user_balance_service/internal/csv/report.go:36.16,38.3 1 0
github.com/garet2gis/user_balance_service/internal/csv/report.go:42.27,45.3 2 1
github.com/garet2gis/user_balance_service/internal/csv/report.go:48.16,50.3 1 0
github.com/garet2gis/user_balance_service/internal/csv/report.go:55.68,59.16 3 1
github.com/garet2gis/user_balance_service/internal/csv/report.go:67.2,67.28 1 0
github.com/garet2gis/user_balance_service/internal/csv/report.go:59.16,60.37 1 1
github.com/garet2gis/user_balance_service/internal/csv/report.go:60.37,62.4 1 1
github.com/garet2gis/user_balance_service/internal/csv/report.go:62.9,64.4 1 0
github.com/garet2gis/user_balance_service/pkg/postgresql/postgresql.go:28.130,30.25 2 1
github.com/garet2gis/user_balance_service/pkg/postgresql/postgresql.go:35.2,35.33 1 1
github.com/garet2gis/user_balance_service/pkg/postgresql/postgresql.go:46.2,46.16 1 1
github.com/garet2gis/user_balance_service/pkg/postgresql/postgresql.go:50.2,50.38 1 1
github.com/garet2gis/user_balance_service/pkg/postgresql/postgresql.go:54.2,54.20 1 1
github.com/garet2gis/user_balance_service/pkg/postgresql/postgresql.go:61.2,61.18 1 1
github.com/garet2gis/user_balance_service/pkg/postgresql/postgresql.go:30.25,32.3 1 1
github.com/garet2gis/user_balance_service/pkg/postgresql/postgresql.go:32.8,34.3 1 0
github.com/garet2gis/user_balance_service/pkg/postgresql/postgresql.go:35.33,40.17 4 1
github.com/garet2gis/user_balance_service/pkg/postgresql/postgresql.go:44.3,44.13 1 1
github.com/garet2gis/user_balance_service/pkg/postgresql/postgresql.go:40.17,42.4 1 0
github.com/garet2gis/user_balance_service/pkg/postgresql/postgresql.go:46.16,48.3 1 0
github.com/garet2gis/user_balance_service/pkg/postgresql/postgresql.go:50.38,52.3 1 0
github.com/garet2gis/user_balance_service/pkg/postgresql/postgresql.go:54.20,56.17 2 0
github.com/garet2gis/user_balance_service/pkg/postgresql/postgresql.go:56.17,58.4 1 0
github.com/garet2gis/user_balance_service/pkg/postgresql/postgresql.go:64.66,68.16 3 0
github.com/garet2gis/user_balance_service/pkg/postgresql/postgresql.go:71.2,71.15 1 0
github.com/garet2gis/user_balance_service/pkg/postgresql/postgresql.go:77.2,78.16 2 0
github.com/garet2gis/user_balance_service/pkg/postgresql/postgresql.go:82.2,85.16 3 0
github.com/garet2gis/user_balance_service/pkg/postgresql/postgresql.go:94.2,94.12 1 0
github.com/garet2gis/user_balance_service/pkg/postgresql/postgresql.go:68.16,70.3 1 0
github.com/garet2gis/user_balance_service/pkg/postgresql/postgresql.go:71.15,72.34 1 0
github.com/garet2gis/user_balance_service/pkg/postgresql/postgresql.go:72.34,74.4 1 0
github.com/garet2gis/user_balance_service/pkg/postgresql/postgresql.go:78.16,80.3 1 0
github.com/garet2gis/user_balance_service/pkg/postgresql/postgresql.go:85.16,86.42 1 0
github.com/garet2gis/user_balance_service/pkg/postgresql/postgresql.go:91.3,91.67 1 0
github.com/garet2gis/user_balance_service/pkg/postgresql/postgresql.go:86.42,89.4 2 0
github.com/garet2gis/user_balance_service/pkg/postgresql/postgresql.go:97.82,98.19 1 1
github.com/garet2gis/user_balance_service/pkg/postgresql/postgresql.go:106.2,106.8 1 0
github.com/garet2gis/user_balance_service/pkg/postgresql/postgresql.go:98.19,99.29 1 1
github.com/garet2gis/user_balance_service/pkg/postgresql/postgresql.go:104.3,104.13 1 1
github.com/garet2gis/user_balance_service/pkg/postgresql/postgresql.go:99.29,102.12 3 0
github.com/garet2gis/user_balance_service/internal/handler/balance.go:37.69,43.2 1 1
github.com/garet2gis/user_balance_service/internal/handler/balance.go:45.62,50.2 4 1
github.com/garet2gis/user_balance_service/internal/handler/balance.go:62.83,68.16 5 1
github.com/garet2gis/user_balance_service/internal/handler/balance.go:72.2,74.16 3 1
github.com/garet2gis/user_balance_service/internal/handler/balance.go:78.2,79.16 2 1
github.com/garet2gis/user_balance_service/internal/handler/balance.go:83.2,87.16 4 1
github.com/garet2gis/user_balance_service/internal/handler/balance.go:91.2,93.12 2 1
github.com/garet2gis/user_balance_service/internal/handler/balance.go:68.16,70.3 1 0
github.com/garet2gis/user_balance_service/internal/handler/balance.go:74.16,76.3 1 0
github.com/garet2gis/user_balance_service/internal/handler/balance.go:79.16,81.3 1 1
github.com/garet2gis/user_balance_service/internal/handler/balance.go:87.16,89.3 1 0
github.com/garet2gis/user_balance_service/internal/handler/balance.go:106.89,108.2 1 1
github.com/garet2gis/user_balance_service/internal/handler/balance.go:120.86,122.2 1 1
github.com/garet2gis/user_balance_service/internal/handler/balance.go:124.117,130.16 5 1
github.com/garet2gis/user_balance_service/internal/handler/balance.go:134.2,136.16 3 1
github.com/garet2gis/user_balance_service/internal/handler/balance.go:140.2,141.16 2 1
github.com/garet2gis/user_balance_service/internal/handler/balance.go:145.2,149.16 4 1
github.com/garet2gis/user_balance_service/internal/handler/balance.go:153.2,155.12 2 1
github.com/garet2gis/user_balance_service/internal/handler/balance.go:130.16,132.3 1 0
github.com/garet2gis/user_balance_service/internal/handler/balance.go:136.16,138.3 1 1
github.com/garet2gis/user_balance_service/internal/handler/balance.go:141.16,143.3 1 1
github.com/garet2gis/user_balance_service/internal/handler/balance.go:149.16,151.3 1 0
github.com/garet2gis/user_balance_service/internal/handler/balance.go:167.88,173.16 5 1
github.com/garet2gis/user_balance_service/internal/handler/balance.go:177.2,179.16 3 1
github.com/garet2gis/user_balance_service/internal/handler/balance.go:183.2,184.16 2 1
github.com/garet2gis/user_balance_service/internal/handler/balance.go:188.2,190.12 2 1
github.com/garet2gis/user_balance_service/internal/handler/balance.go:173.16,175.3 1 0
github.com/garet2gis/user_balance_service/internal/handler/balance.go:179.16,181.3 1 0
github.com/garet2gis/user_balance_service/internal/handler/balance.go:184.16,186.3 1 1
github.com/garet2gis/user_balance_service/internal/handler/report.go:31.67,37.2 1 1
github.com/garet2gis/user_balance_service/internal/handler/report.go:39.61,41.2 1 1
github.com/garet2gis/user_balance_service/internal/handler/report.go:53.81,58.16 5 1
github.com/garet2gis/user_balance_service/internal/handler/report.go:62.2,64.16 3 1
github.com/garet2gis/user_balance_service/internal/handler/report.go:69.2,70.20 2 1
github.com/garet2gis/user_balance_service/internal/handler/report.go:73.2,73.46 1 1
github.com/garet2gis/user_balance_service/internal/handler/report.go:77.2,78.16 2 1
github.com/garet2gis/user_balance_service/internal/handler/report.go:82.2,88.16 5 1
github.com/garet2gis/user_balance_service/internal/handler/report.go:92.2,94.12 2 1
github.com/garet2gis/user_balance_service/internal/handler/report.go:58.16,60.3 1 0
github.com/garet2gis/user_balance_service/internal/handler/report.go:64.16,66.3 1 0
github.com/garet2gis/user_balance_service/internal/handler/report.go:70.20,72.3 1 0
github.com/garet2gis/user_balance_service/internal/handler/report.go:73.46,75.3 1 0
github.com/garet2gis/user_balance_service/internal/handler/report.go:78.16,80.3 1 0
github.com/garet2gis/user_balance_service/internal/handler/report.go:88.16,90.3 1 0
github.com/garet2gis/user_balance_service/cmd/main/insert_tables.go:11.80,20.16 4 0
github.com/garet2gis/user_balance_service/cmd/main/insert_tables.go:20.16,22.3 1 0
github.com/garet2gis/user_balance_service/cmd/main/docs/docs.go:659.13,661.2 1 1
github.com/garet2gis/user_balance_service/internal/repository/balance_changer.go:18.76,23.2 1 1
github.com/garet2gis/user_balance_service/internal/repository/balance_changer.go:25.118,36.76 4 1
github.com/garet2gis/user_balance_service/internal/repository/balance_changer.go:42.2,42.24 1 1
github.com/garet2gis/user_balance_service/internal/repository/balance_changer.go:36.76,40.3 2 1
github.com/garet2gis/user_balance_service/internal/repository/reservation.go:22.90,29.2 1 1
github.com/garet2gis/user_balance_service/internal/repository/reservation.go:31.111,39.16 4 1
github.com/garet2gis/user_balance_service/internal/repository/reservation.go:44.2,44.12 1 1
github.com/garet2gis/user_balance_service/internal/repository/reservation.go:39.16,42.3 2 0
github.com/garet2gis/user_balance_service/internal/repository/reservation.go:47.149,56.16 4 1
github.com/garet2gis/user_balance_service/internal/repository/reservation.go:61.2,61.12 1 1
github.com/garet2gis/user_balance_service/internal/repository/reservation.go:56.16,59.3 2 0
github.com/garet2gis/user_balance_service/internal/repository/reservation.go:64.111,77.16 4 1
github.com/garet2gis/user_balance_service/internal/repository/reservation.go:82.2,82.36 1 1
github.com/garet2gis/user_balance_service/internal/repository/reservation.go:86.2,86.12 1 1
github.com/garet2gis/user_balance_service/internal/repository/reservation.go:77.16,80.3 2 0
github.com/garet2gis/user_balance_service/internal/repository/reservation.go:82.36,84.3 1 0
github.com/garet2gis/user_balance_service/internal/repository/reservation.go:89.101,91.16 2 1
github.com/garet2gis/user_balance_service/internal/repository/reservation.go:94.2,94.15 1 1
github.com/garet2gis/user_balance_service/internal/repository/reservation.go:102.2,103.16 2 1
github.com/garet2gis/user_balance_service/internal/repository/reservation.go:107.2,108.16 2 1
github.com/garet2gis/user_balance_service/internal/repository/reservation.go:112.2,112.12 1 1
github.com/garet2gis/user_balance_service/internal/repository/reservation.go:91.16,93.3 1 0
github.com/garet2gis/user_balance_service/internal/repository/reservation.go:94.15,95.17 1 1
github.com/garet2gis/user_balance_service/internal/repository/reservation.go:95.17,97.4 1 1
github.com/garet2gis/user_balance_service/internal/repository/reservation.go:97.9,99.4 1 1
github.com/garet2gis/user_balance_service/internal/repository/reservation.go:103.16,105.3 1 1
github.com/garet2gis/user_balance_service/internal/repository/reservation.go:108.16,110.3 1 0
github.com/garet2gis/user_balance_service/internal/repository/reservation.go:115.138,117.16 2 1
github.com/garet2gis/user_balance_service/internal/repository/reservation.go:120.2,120.15 1 1
github.com/garet2gis/user_balance_service/internal/repository/reservation.go:128.2,129.16 2 1
github.com/garet2gis/user_balance_service/internal/repository/reservation.go:133.2,133.29 1 1
github.com/garet2gis/user_balance_service/internal/repository/reservation.go:137.2,138.16 2 1
github.com/garet2gis/user_balance_service/internal/repository/reservation.go:142.2,142.28 1 1
github.com/garet2gis/user_balance_service/internal/repository/reservation.go:149.2,149.12 1 1
github.com/garet2gis/user_balance_service/internal/repository/reservation.go:117.16,119.3 1 0
github.com/garet2gis/user_balance_service/internal/repository/reservation.go:120.15,121.17 1 1
github.com/garet2gis/user_balance_service/internal/repository/reservation.go:121.17,123.4 1 0
github.com/garet2gis/user_balance_service/internal/repository/reservation.go:123.9,125.4 1 1
github.com/garet2gis/user_balance_service/internal/repository/reservation.go:129.16,131.3 1 0
github.com/garet2gis/user_balance_service/internal/repository/reservation.go:133.29,135.3 1 1
github.com/garet2gis/user_balance_service/internal/repository/reservation.go:138.16,140.3 1 0
github.com/garet2gis/user_balance_service/internal/repository/reservation.go:142.28,144.17 2 1
github.com/garet2gis/user_balance_service/internal/repository/reservation.go:144.17,146.4 1 0
github.com/garet2gis/user_balance_service/pkg/utils/http.go:12.55,15.16 3 1
github.com/garet2gis/user_balance_service/pkg/utils/http.go:18.2,18.8 1 1
github.com/garet2gis/user_balance_service/pkg/utils/http.go:15.16,17.3 1 0
github.com/garet2gis/user_balance_service/internal/handler/history.go:31.69,37.2 1 1
github.com/garet2gis/user_balance_service/internal/handler/history.go:39.62,41.2 1 1
github.com/garet2gis/user_balance_service/internal/handler/history.go:53.83,62.16 5 1
github.com/garet2gis/user_balance_service/internal/handler/history.go:66.2,68.16 3 1
github.com/garet2gis/user_balance_service/internal/handler/history.go:72.2,73.16 2 1
github.com/garet2gis/user_balance_service/internal/handler/history.go:77.2,81.16 4 1
github.com/garet2gis/user_balance_service/internal/handler/history.go:85.2,87.12 2 1
github.com/garet2gis/user_balance_service/internal/handler/history.go:62.16,64.3 1 0
github.com/garet2gis/user_balance_service/internal/handler/history.go:68.16,70.3 1 0
github.com/garet2gis/user_balance_service/internal/handler/history.go:73.16,75.3 1 0
github.com/garet2gis/user_balance_service/internal/handler/history.go:81.16,83.3 1 0
github.com/garet2gis/user_balance_service/internal/service/history.go:20.80,25.2 1 1
github.com/garet2gis/user_balance_service/internal/service/history.go:27.110,29.16 2 1
github.com/garet2gis/user_balance_service/internal/service/history.go:32.2,32.23 1 1
github.com/garet2gis/user_balance_service/internal/service/history.go:36.2,36.21 1 1
github.com/garet2gis/user_balance_service/internal/service/history.go:29.16,31.3 1 0
github.com/garet2gis/user_balance_service/internal/service/history.go:32.23,34.3 1 0
github.com/garet2gis/user_balance_service/internal/repository/balance.go:28.82,35.2 1 1
github.com/garet2gis/user_balance_service/internal/repository/balance.go:37.92,46.16 4 1
github.com/garet2gis/user_balance_service/internal/repository/balance.go:50.2,50.12 1 1
github.com/garet2gis/user_balance_service/internal/repository/balance.go:46.16,49.3 2 0
github.com/garet2gis/user_balance_service/internal/repository/balance.go:53.116,61.16 4 1
github.com/garet2gis/user_balance_service/internal/repository/balance.go:66.2,66.12 1 1
github.com/garet2gis/user_balance_service/internal/repository/balance.go:61.16,64.3 2 0
github.com/garet2gis/user_balance_service/internal/repository/balance.go:69.112,78.16 4 1
github.com/garet2gis/user_balance_service/internal/repository/balance.go:83.2,90.16 4 1
github.com/garet2gis/user_balance_service/internal/repository/balance.go:95.2,95.12 1 1
github.com/garet2gis/user_balance_service/internal/repository/balance.go:78.16,81.3 2 0
github.com/garet2gis/user_balance_service/internal/repository/balance.go:90.16,93.3 2 0
github.com/garet2gis/user_balance_service/internal/repository/balance.go:98.97,101.2 2 1
github.com/garet2gis/user_balance_service/internal/repository/balance.go:103.108,117.15 6 1
github.com/garet2gis/user_balance_service/internal/repository/balance.go:123.2,123.16 1 1
github.com/garet2gis/user_balance_service/internal/repository/balance.go:132.2,132.21 1 1
github.com/garet2gis/user_balance_service/internal/repository/balance.go:117.15,119.3 1 1
github.com/garet2gis/user_balance_service/internal/repository/balance.go:119.8,121.3 1 1
github.com/garet2gis/user_balance_service/internal/repository/balance.go:123.16,124.36 1 1
github.com/garet2gis/user_balance_service/internal/repository/balance.go:128.3,129.16 2 0
github.com/garet2gis/user_balance_service/internal/repository/balance.go:124.36,126.4 1 1
github.com/garet2gis/user_balance_service/internal/repository/balance.go:135.169,137.16 2 1
github.com/garet2gis/user_balance_service/internal/repository/balance.go:140.2,140.15 1 1
github.com/garet2gis/user_balance_service/internal/repository/balance.go:148.2,149.16 2 1
github.com/garet2gis/user_balance_service/internal/repository/balance.go:160.2,160.33 1 1
github.com/garet2gis/user_balance_service/internal/repository/balance.go:164.2,165.16 2 1
github.com/garet2gis/user_balance_service/internal/repository/balance.go:170.2,171.16 2 1
github.com/garet2gis/user_balance_service/internal/repository/balance.go:175.2,176.16 2 1
github.com/garet2gis/user_balance_service/internal/repository/balance.go:137.16,139.3 1 0
github.com/garet2gis/user_balance_service/internal/repository/balance.go:140.15,141.17 1 1
github.com/garet2gis/user_balance_service/internal/repository/balance.go:141.17,143.4 1 1
github.com/garet2gis/user_balance_service/internal/repository/balance.go:143.9,145.4 1 1
github.com/garet2gis/user_balance_service/internal/repository/balance.go:149.16,150.77 1 1
github.com/garet2gis/user_balance_service/internal/repository/balance.go:150.77,152.18 2 1
github.com/garet2gis/user_balance_service/internal/repository/balance.go:152.18,154.5 1 0
github.com/garet2gis/user_balance_service/internal/repository/balance.go:155.9,157.4 1 0
github.com/garet2gis/user_balance_service/internal/repository/balance.go:160.33,162.3 1 1
github.com/garet2gis/user_balance_service/internal/repository/balance.go:165.16,167.3 1 1
github.com/garet2gis/user_balance_service/internal/repository/balance.go:171.16,173.3 1 0
github.com/garet2gis/user_balance_service/internal/repository/balance.go:179.106,181.16 2 1
github.com/garet2gis/user_balance_service/internal/repository/balance.go:184.2,184.15 1 1
github.com/garet2gis/user_balance_service/internal/repository/balance.go:192.2,193.16 2 1
github.com/garet2gis/user_balance_service/internal/repository/balance.go:197.2,198.16 2 1
github.com/garet2gis/user_balance_service/internal/repository/balance.go:202.2,203.16 2 1
github.com/garet2gis/user_balance_service/internal/repository/balance.go:207.2,207.12 1 1
github.com/garet2gis/user_balance_service/internal/repository/balance.go:181.16,183.3 1 0
github.com/garet2gis/user_balance_service/internal/repository/balance.go:184.15,185.17 1 1
github.com/garet2gis/user_balance_service/internal/repository/balance.go:185.17,187.4 1 1
github.com/garet2gis/user_balance_service/internal/repository/balance.go:187.9,189.4 1 1
github.com/garet2gis/user_balance_service/internal/repository/balance.go:193.16,195.3 1 1
github.com/garet2gis/user_balance_service/internal/repository/balance.go:198.16,200.3 1 0
github.com/garet2gis/user_balance_service/internal/repository/balance.go:203.16,205.3 1 0
github.com/garet2gis/user_balance_service/internal/service/balance.go:21.80,26.2 1 1
github.com/garet2gis/user_balance_service/internal/service/balance.go:28.102,30.16 2 1
github.com/garet2gis/user_balance_service/internal/service/balance.go:34.2,37.8 1 1
github.com/garet2gis/user_balance_service/internal/service/balance.go:30.16,32.3 1 1
github.com/garet2gis/user_balance_service/internal/service/balance.go:40.167,42.16 2 1
github.com/garet2gis/user_balance_service/internal/service/balance.go:45.2,45.21 1 1
github.com/garet2gis/user_balance_service/internal/service/balance.go:42.16,44.3 1 1
github.com/garet2gis/user_balance_service/internal/service/balance.go:48.104,50.16 2 1
github.com/garet2gis/user_balance_service/internal/service/balance.go:53.2,53.12 1 1
github.com/garet2gis/user_balance_service/internal/service/balance.go:50.16,52.3 1 1
github.com/garet2gis/user_balance_service/internal/handler/handler.go:14.41,16.2 1 0
github.com/garet2gis/user_balance_service/internal/handler/handler.go:18.39,20.2 1 1
github.com/garet2gis/user_balance_service/internal/handler/handler.go:22.32,23.16 1 1
github.com/garet2gis/user_balance_service/internal/handler/handler.go:30.2,30.12 1 1
github.com/garet2gis/user_balance_service/internal/handler/handler.go:23.16,25.31 2 1
github.com/garet2gis/user_balance_service/internal/handler/handler.go:28.3,28.30 1 1
github.com/garet2gis/user_balance_service/internal/handler/handler.go:25.31,27.4 1 0
github.com/garet2gis/user_balance_service/internal/handler/reservation.go:33.77,39.2 1 1
github.com/garet2gis/user_balance_service/internal/handler/reservation.go:41.66,45.2 3 1
github.com/garet2gis/user_balance_service/internal/handler/reservation.go:56.84,62.16 5 1
github.com/garet2gis/user_balance_service/internal/handler/reservation.go:66.2,68.16 3 1
github.com/garet2gis/user_balance_service/internal/handler/reservation.go:72.2,73.16 2 1
github.com/garet2gis/user_balance_service/internal/handler/reservation.go:77.2,80.12 3 1
github.com/garet2gis/user_balance_service/internal/handler/reservation.go:62.16,64.3 1 0
github.com/garet2gis/user_balance_service/internal/handler/reservation.go:68.16,70.3 1 0
github.com/garet2gis/user_balance_service/internal/handler/reservation.go:73.16,75.3 1 1
github.com/garet2gis/user_balance_service/internal/handler/reservation.go:93.95,95.2 1 1
github.com/garet2gis/user_balance_service/internal/handler/reservation.go:107.94,109.2 1 1
github.com/garet2gis/user_balance_service/internal/handler/reservation.go:111.126,117.16 5 1
github.com/garet2gis/user_balance_service/internal/handler/reservation.go:121.2,123.16 3 1
github.com/garet2gis/user_balance_service/internal/handler/reservation.go:127.2,128.16 2 1
github.com/garet2gis/user_balance_service/internal/handler/reservation.go:132.2,134.12 2 1
github.com/garet2gis/user_balance_service/internal/handler/reservation.go:117.16,119.3 1 0
github.com/garet2gis/user_balance_service/internal/handler/reservation.go:123.16,125.3 1 0
github.com/garet2gis/user_balance_service/internal/handler/reservation.go:128.16,130.3 1 0
github.com/garet2gis/user_balance_service/internal/service/reservation.go:19.92,24.2 1 1
github.com/garet2gis/user_balance_service/internal/service/reservation.go:26.99,28.16 2 1
github.com/garet2gis/user_balance_service/internal/service/reservation.go:31.2,31.12 1 1
github.com/garet2gis/user_balance_service/internal/service/reservation.go:28.16,30.3 1 1
github.com/garet2gis/user_balance_service/internal/service/reservation.go:34.136,36.16 2 1
github.com/garet2gis/user_balance_service/internal/service/reservation.go:39.2,39.12 1 1
github.com/garet2gis/user_balance_service/internal/service/reservation.go:36.16,38.3 1 0
github.com/garet2gis/user_balance_service/internal/service/service.go:16.89,23.2 1 1
github.com/garet2gis/user_balance_service/pkg/utils/db.go:9.35,11.2 1 1
github.com/garet2gis/user_balance_service/pkg/utils/db.go:13.42,15.2 1 1
github.com/garet2gis/user_balance_service/internal/apperror/error.go:19.35,21.2 1 1
github.com/garet2gis/user_balance_service/internal/apperror/error.go:23.35,25.2 1 1
github.com/garet2gis/user_balance_service/internal/apperror/error.go:27.37,29.16 2 1
github.com/garet2gis/user_balance_service/internal/apperror/error.go:32.2,32.16 1 1
github.com/garet2gis/user_balance_service/internal/apperror/error.go:29.16,31.3 1 0
github.com/garet2gis/user_balance_service/internal/apperror/error.go:35.73,41.2 1 1
github.com/garet2gis/user_balance_service/internal/apperror/error.go:43.39,45.2 1 0
github.com/garet2gis/user_balance_service/internal/apperror/middleware.go:12.67,13.54 1 1
github.com/garet2gis/user_balance_service/internal/apperror/middleware.go:13.54,21.17 4 1
github.com/garet2gis/user_balance_service/internal/apperror/middleware.go:21.17,24.31 3 1
github.com/garet2gis/user_balance_service/internal/apperror/middleware.go:35.4,36.39 2 0
github.com/garet2gis/user_balance_service/internal/apperror/middleware.go:24.31,25.36 1 1
github.com/garet2gis/user_balance_service/internal/apperror/middleware.go:31.5,33.11 3 1
github.com/garet2gis/user_balance_service/internal/apperror/middleware.go:25.36,29.6 3 1
